<?xml version="1.0" encoding="UTF-8"?>
<!-- Generated by org.testng.reporters.JUnitXMLReporter -->
<testsuite ignored="1" hostname="Javiers-MacBook-Pro.local" failures="0" tests="1" name="Default test" time="37.765" errors="0" timestamp="2021-10-21T09:59:06 CDT">
  <testcase classname="org.selenium.pom.MyFirstTestCaseDisneyPlus" name="CheckStreaming" time="12.1"/>
  <testcase classname="org.selenium.pom.MyFirstTestCaseDisneyPlus" name="CheckAccount" time="0.0">
    <ignored/>
  </testcase> <!-- CheckAccount -->
</testsuite> <!-- Default test -->
