<?xml version="1.0" encoding="UTF-8"?>
<testng-results ignored="1" total="2" passed="1" failed="0" skipped="0">
  <reporter-output>
  </reporter-output>
  <suite started-at="2021-10-21T09:58:23 CDT" name="Default suite" finished-at="2021-10-21T09:59:01 CDT" duration-ms="37765">
    <groups>
    </groups>
    <test started-at="2021-10-21T09:58:23 CDT" name="Default test" finished-at="2021-10-21T09:59:01 CDT" duration-ms="37765">
      <class name="org.selenium.pom.MyFirstTestCaseDisneyPlus">
        <test-method is-config="true" signature="startDriver()[pri:0, instance:org.selenium.pom.MyFirstTestCaseDisneyPlus@6ce139a4]" started-at="2021-10-21T09:58:23 CDT" name="startDriver" finished-at="2021-10-21T09:58:33 CDT" duration-ms="10291" status="PASS">
          <reporter-output>
          </reporter-output>
        </test-method> <!-- startDriver -->
        <test-method signature="CheckStreaming()[pri:0, instance:org.selenium.pom.MyFirstTestCaseDisneyPlus@6ce139a4]" started-at="2021-10-21T09:58:33 CDT" name="CheckStreaming" finished-at="2021-10-21T09:58:45 CDT" duration-ms="12100" status="PASS">
          <reporter-output>
          </reporter-output>
        </test-method> <!-- CheckStreaming -->
        <test-method is-config="true" signature="quitDriver()[pri:0, instance:org.selenium.pom.MyFirstTestCaseDisneyPlus@6ce139a4]" started-at="2021-10-21T09:58:45 CDT" name="quitDriver" finished-at="2021-10-21T09:59:01 CDT" duration-ms="15328" status="PASS">
          <reporter-output>
          </reporter-output>
        </test-method> <!-- quitDriver -->
      </class> <!-- org.selenium.pom.MyFirstTestCaseDisneyPlus -->
    </test> <!-- Default test -->
  </suite> <!-- Default suite -->
</testng-results>
